<?xml version="1.0" encoding="UTF-8"?>
<testsuite xmlns:xsi="http://www.w3.org/2001/XMLSchema-instance" xsi:noNamespaceSchemaLocation="https://maven.apache.org/surefire/maven-surefire-plugin/xsd/surefire-test-report-3.0.xsd" version="3.0" name="com.example.LionTest" time="0.019" tests="3" errors="0" skipped="0" failures="0">
  <properties>
[...]
</properties>
  <testcase name="getFoodCorrectForLion" classname="com.example.LionTest" time="0.007"/>
  <testcase name="getKittensPositiveNumberPositiveResult" classname="com.example.LionTest" time="0.003"/>
  <testcase name="doesHaveManeCheckValidSex" classname="com.example.LionTest" time="0.005"/>
</testsuite>